mode: atomic
github.com/autom8ter/async/v1/async.go:27.67,34.2 2 1
github.com/autom8ter/async/v1/async.go:37.76,40.49 3 100
github.com/autom8ter/async/v1/async.go:40.49,44.3 3 10000
github.com/autom8ter/async/v1/async.go:45.2,45.12 1 100
github.com/autom8ter/async/v1/async.go:45.12,46.31 1 100
github.com/autom8ter/async/v1/async.go:46.31,48.4 1 10000
github.com/autom8ter/async/v1/async.go:49.3,49.13 1 100
github.com/autom8ter/async/v1/async.go:51.2,51.11 1 100
github.com/autom8ter/async/v1/async.go:55.61,56.49 1 0
github.com/autom8ter/async/v1/async.go:56.49,60.3 3 0
github.com/autom8ter/async/v1/async.go:61.2,61.8 1 0
github.com/autom8ter/async/v1/async.go:66.99,70.63 4 100
github.com/autom8ter/async/v1/async.go:70.63,73.3 2 100
github.com/autom8ter/async/v1/async.go:74.2,76.27 3 100
github.com/autom8ter/async/v1/async.go:80.37,82.48 2 5
github.com/autom8ter/async/v1/async.go:82.48,85.3 2 201
github.com/autom8ter/async/v1/async.go:86.2,86.14 1 5
github.com/autom8ter/async/v1/async.go:90.35,92.18 2 1
github.com/autom8ter/async/v1/async.go:92.18,94.3 1 2
github.com/autom8ter/async/v1/async.go:106.57,112.12 3 101
github.com/autom8ter/async/v1/async.go:112.12,113.10 1 101
github.com/autom8ter/async/v1/async.go:114.19,116.37 2 101
github.com/autom8ter/async/v1/async.go:116.37,118.5 1 20200
github.com/autom8ter/async/v1/async.go:119.4,119.17 1 101
github.com/autom8ter/async/v1/async.go:122.2,122.10 1 101
github.com/autom8ter/async/v1/async.go:126.46,128.2 1 0
github.com/autom8ter/async/v1/async.go:132.73,138.2 5 20200
github.com/autom8ter/async/v1/async.go:141.33,144.35 3 101
github.com/autom8ter/async/v1/async.go:144.35,146.3 1 20200
github.com/autom8ter/async/v1/async.go:147.2,147.12 1 101
github.com/autom8ter/async/v1/async.go:160.47,170.2 5 1
github.com/autom8ter/async/v1/async.go:173.35,175.2 1 4
github.com/autom8ter/async/v1/async.go:178.46,179.9 1 0
github.com/autom8ter/async/v1/async.go:180.27,181.10 1 0
github.com/autom8ter/async/v1/async.go:181.10,183.4 1 0
github.com/autom8ter/async/v1/async.go:184.3,184.21 1 0
github.com/autom8ter/async/v1/async.go:185.10,186.20 1 0
github.com/autom8ter/async/v1/async.go:191.70,194.9 3 1
github.com/autom8ter/async/v1/async.go:195.27,196.10 1 0
github.com/autom8ter/async/v1/async.go:196.10,198.4 1 0
github.com/autom8ter/async/v1/async.go:199.3,199.20 1 0
github.com/autom8ter/async/v1/async.go:200.20,201.24 1 1
github.com/autom8ter/async/v1/async.go:208.44,211.23 3 4
github.com/autom8ter/async/v1/async.go:211.23,213.3 1 0
github.com/autom8ter/async/v1/async.go:214.2,214.19 1 4
github.com/autom8ter/async/v1/async.go:214.19,216.3 1 1
github.com/autom8ter/async/v1/async.go:217.2,219.12 3 3
github.com/autom8ter/async/v1/async.go:223.33,225.2 1 1
github.com/autom8ter/async/v1/async.go:228.45,232.2 3 1
github.com/autom8ter/async/v1/async.go:235.43,237.9 2 0
github.com/autom8ter/async/v1/async.go:237.9,239.3 1 0
github.com/autom8ter/async/v1/async.go:240.2,241.25 2 0
github.com/autom8ter/async/v1/async.go:246.37,248.19 2 1
github.com/autom8ter/async/v1/async.go:248.19,251.20 3 1
github.com/autom8ter/async/v1/async.go:251.20,254.4 2 0
github.com/autom8ter/async/v1/async.go:255.3,255.17 1 1
github.com/autom8ter/async/v1/async.go:255.17,259.4 3 1
github.com/autom8ter/async/v1/async.go:261.2,261.12 1 1
github.com/autom8ter/async/v1/async.go:266.46,267.36 1 0
github.com/autom8ter/async/v1/async.go:267.36,270.3 2 0
github.com/autom8ter/async/v1/async.go:303.58,304.36 1 0
github.com/autom8ter/async/v1/async.go:304.36,306.3 1 0
github.com/autom8ter/async/v1/async.go:310.69,311.36 1 0
github.com/autom8ter/async/v1/async.go:311.36,313.3 1 0
github.com/autom8ter/async/v1/async.go:317.68,318.36 1 0
github.com/autom8ter/async/v1/async.go:318.36,320.3 1 0
github.com/autom8ter/async/v1/async.go:324.71,325.36 1 0
github.com/autom8ter/async/v1/async.go:325.36,327.3 1 0
github.com/autom8ter/async/v1/async.go:331.69,332.36 1 100
github.com/autom8ter/async/v1/async.go:332.36,334.3 1 100
github.com/autom8ter/async/v1/async.go:339.80,342.27 3 100
github.com/autom8ter/async/v1/async.go:342.27,344.3 1 100
github.com/autom8ter/async/v1/async.go:345.2,358.12 3 100
github.com/autom8ter/async/v1/async.go:358.12,365.3 6 100
github.com/autom8ter/async/v1/async.go:366.2,366.10 1 100
github.com/autom8ter/async/v1/async.go:370.46,372.2 1 0
github.com/autom8ter/async/v1/async.go:378.72,381.19 3 10000
github.com/autom8ter/async/v1/async.go:381.19,383.37 2 10000
github.com/autom8ter/async/v1/async.go:383.37,386.4 2 0
github.com/autom8ter/async/v1/async.go:387.3,388.31 2 10000
github.com/autom8ter/async/v1/async.go:388.31,390.4 1 0
github.com/autom8ter/async/v1/async.go:391.3,391.10 1 10000
github.com/autom8ter/async/v1/async.go:392.22,393.14 1 10000
github.com/autom8ter/async/v1/async.go:394.21,395.15 1 0
github.com/autom8ter/async/v1/async.go:398.2,398.11 1 10000
github.com/autom8ter/async/v1/async.go:404.62,405.36 1 0
github.com/autom8ter/async/v1/async.go:405.36,407.3 1 0
github.com/autom8ter/async/v1/async.go:408.2,409.30 2 0
github.com/autom8ter/async/v1/async.go:409.30,411.3 1 0
github.com/autom8ter/async/v1/async.go:412.2,412.9 1 0
github.com/autom8ter/async/v1/async.go:413.21,414.14 1 0
github.com/autom8ter/async/v1/async.go:415.20,416.15 1 0
github.com/autom8ter/async/v1/async.go:421.66,422.36 1 10100
github.com/autom8ter/async/v1/async.go:422.36,424.3 1 0
github.com/autom8ter/async/v1/async.go:425.2,426.9 2 10100
github.com/autom8ter/async/v1/async.go:427.27,428.10 1 10000
github.com/autom8ter/async/v1/async.go:428.10,430.4 1 0
github.com/autom8ter/async/v1/async.go:431.3,431.30 1 10000
github.com/autom8ter/async/v1/async.go:431.30,433.4 1 0
github.com/autom8ter/async/v1/async.go:434.3,434.30 1 10000
github.com/autom8ter/async/v1/async.go:434.30,435.23 1 0
github.com/autom8ter/async/v1/async.go:435.23,437.5 1 0
github.com/autom8ter/async/v1/async.go:439.3,439.21 1 10000
github.com/autom8ter/async/v1/async.go:440.20,441.24 1 100
github.com/autom8ter/async/v1/async.go:447.69,449.12 2 0
github.com/autom8ter/async/v1/async.go:449.12,451.7 2 0
github.com/autom8ter/async/v1/async.go:451.7,453.11 2 0
github.com/autom8ter/async/v1/async.go:453.11,455.5 1 0
github.com/autom8ter/async/v1/async.go:456.4,456.22 1 0
github.com/autom8ter/async/v1/async.go:463.75,465.12 2 0
github.com/autom8ter/async/v1/async.go:465.12,467.7 2 0
github.com/autom8ter/async/v1/async.go:467.7,469.11 2 0
github.com/autom8ter/async/v1/async.go:469.11,471.5 1 0
github.com/autom8ter/async/v1/async.go:472.4,472.23 1 0
github.com/autom8ter/async/v1/async.go:478.40,480.2 1 0
github.com/autom8ter/async/v1/async.go:483.93,484.6 1 0
github.com/autom8ter/async/v1/async.go:484.6,486.10 2 0
github.com/autom8ter/async/v1/async.go:486.10,488.4 1 0
github.com/autom8ter/async/v1/async.go:489.3,489.22 1 0
github.com/autom8ter/async/v1/async.go:489.22,491.4 1 0
github.com/autom8ter/async/v1/async.go:497.98,498.6 1 0
github.com/autom8ter/async/v1/async.go:498.6,500.10 2 0
github.com/autom8ter/async/v1/async.go:500.10,502.4 1 0
github.com/autom8ter/async/v1/async.go:503.3,504.20 2 0
github.com/autom8ter/async/v1/async.go:504.20,506.23 2 0
github.com/autom8ter/async/v1/async.go:506.23,508.5 1 0
github.com/autom8ter/async/v1/async.go:515.57,518.24 3 100
github.com/autom8ter/async/v1/async.go:518.24,522.13 4 100
github.com/autom8ter/async/v1/async.go:522.13,525.4 2 100
github.com/autom8ter/async/v1/async.go:526.3,526.10 1 100
github.com/autom8ter/async/v1/async.go:527.15,527.15 0 100
github.com/autom8ter/async/v1/async.go:528.21,528.21 0 0
github.com/autom8ter/async/v1/async.go:530.3,530.32 1 100
github.com/autom8ter/async/v1/async.go:530.32,532.4 1 100
github.com/autom8ter/async/v1/async.go:533.3,533.14 1 100
