mode: atomic
github.com/autom8ter/async/async.go:35.76,36.41 1 0
github.com/autom8ter/async/async.go:36.41,37.36 1 0
github.com/autom8ter/async/async.go:37.36,39.4 1 0
github.com/autom8ter/async/async.go:40.3,40.19 1 0
github.com/autom8ter/async/async.go:48.78,49.41 1 0
github.com/autom8ter/async/async.go:49.41,51.36 2 0
github.com/autom8ter/async/async.go:51.36,53.4 1 0
github.com/autom8ter/async/async.go:54.3,54.16 1 0
github.com/autom8ter/async/async.go:72.88,78.2 1 3
github.com/autom8ter/async/async.go:81.91,84.2 2 0
github.com/autom8ter/async/async.go:87.93,90.2 2 0
github.com/autom8ter/async/async.go:93.104,94.22 1 300
github.com/autom8ter/async/async.go:94.22,96.3 1 0
github.com/autom8ter/async/async.go:97.2,100.12 4 300
github.com/autom8ter/async/async.go:100.12,101.16 1 300
github.com/autom8ter/async/async.go:101.16,102.32 1 300
github.com/autom8ter/async/async.go:102.32,108.5 1 100
github.com/autom8ter/async/async.go:109.4,109.15 1 300
github.com/autom8ter/async/async.go:111.3,115.33 2 300
github.com/autom8ter/async/async.go:117.2,117.11 1 300
github.com/autom8ter/async/async.go:121.66,122.22 1 0
github.com/autom8ter/async/async.go:122.22,124.3 1 0
github.com/autom8ter/async/async.go:125.2,128.4 1 0
github.com/autom8ter/async/async.go:132.143,135.41 3 0
github.com/autom8ter/async/async.go:135.41,136.16 1 0
github.com/autom8ter/async/async.go:136.16,137.32 1 0
github.com/autom8ter/async/async.go:137.32,143.5 1 0
github.com/autom8ter/async/async.go:145.3,148.6 1 0
github.com/autom8ter/async/async.go:150.2,151.12 2 0
github.com/autom8ter/async/async.go:151.12,152.16 1 0
github.com/autom8ter/async/async.go:152.16,153.32 1 0
github.com/autom8ter/async/async.go:153.32,159.5 1 0
github.com/autom8ter/async/async.go:160.4,161.15 2 0
github.com/autom8ter/async/async.go:163.3,165.7 3 0
github.com/autom8ter/async/async.go:165.7,166.11 1 0
github.com/autom8ter/async/async.go:167.22,168.11 1 0
github.com/autom8ter/async/async.go:169.27,170.25 1 0
github.com/autom8ter/async/async.go:170.25,172.6 1 0
github.com/autom8ter/async/async.go:173.5,173.23 1 0
github.com/autom8ter/async/async.go:177.2,177.11 1 0
github.com/autom8ter/async/async.go:181.35,184.2 2 0
github.com/autom8ter/async/async.go:187.34,189.2 1 0
github.com/autom8ter/async/borrower.go:20.47,30.2 5 1
github.com/autom8ter/async/borrower.go:33.35,35.2 1 4
github.com/autom8ter/async/borrower.go:38.46,39.9 1 0
github.com/autom8ter/async/borrower.go:40.27,41.10 1 0
github.com/autom8ter/async/borrower.go:41.10,43.4 1 0
github.com/autom8ter/async/borrower.go:44.3,44.21 1 0
github.com/autom8ter/async/borrower.go:45.10,46.20 1 0
github.com/autom8ter/async/borrower.go:51.70,54.9 3 1
github.com/autom8ter/async/borrower.go:55.27,56.10 1 0
github.com/autom8ter/async/borrower.go:56.10,58.4 1 0
github.com/autom8ter/async/borrower.go:59.3,59.20 1 0
github.com/autom8ter/async/borrower.go:60.20,61.24 1 1
github.com/autom8ter/async/borrower.go:68.44,71.23 3 4
github.com/autom8ter/async/borrower.go:71.23,73.3 1 0
github.com/autom8ter/async/borrower.go:74.2,74.19 1 4
github.com/autom8ter/async/borrower.go:74.19,76.3 1 1
github.com/autom8ter/async/borrower.go:77.2,79.12 3 3
github.com/autom8ter/async/borrower.go:83.33,85.2 1 1
github.com/autom8ter/async/borrower.go:88.45,92.2 3 1
github.com/autom8ter/async/borrower.go:95.43,97.9 2 0
github.com/autom8ter/async/borrower.go:97.9,99.3 1 0
github.com/autom8ter/async/borrower.go:100.2,101.25 2 0
github.com/autom8ter/async/borrower.go:106.37,108.19 2 1
github.com/autom8ter/async/borrower.go:108.19,111.20 3 1
github.com/autom8ter/async/borrower.go:111.20,114.4 2 0
github.com/autom8ter/async/borrower.go:115.3,115.17 1 1
github.com/autom8ter/async/borrower.go:115.17,119.4 3 1
github.com/autom8ter/async/borrower.go:121.2,121.12 1 1
github.com/autom8ter/async/channel.go:40.58,41.36 1 0
github.com/autom8ter/async/channel.go:41.36,43.3 1 0
github.com/autom8ter/async/channel.go:47.69,48.36 1 0
github.com/autom8ter/async/channel.go:48.36,50.3 1 0
github.com/autom8ter/async/channel.go:54.68,55.36 1 0
github.com/autom8ter/async/channel.go:55.36,57.3 1 0
github.com/autom8ter/async/channel.go:61.71,62.36 1 0
github.com/autom8ter/async/channel.go:62.36,64.3 1 0
github.com/autom8ter/async/channel.go:68.69,69.36 1 100
github.com/autom8ter/async/channel.go:69.36,71.3 1 100
github.com/autom8ter/async/channel.go:76.80,79.27 3 400
github.com/autom8ter/async/channel.go:79.27,81.3 1 100
github.com/autom8ter/async/channel.go:82.2,95.12 3 400
github.com/autom8ter/async/channel.go:95.12,102.3 6 400
github.com/autom8ter/async/channel.go:103.2,103.10 1 400
github.com/autom8ter/async/channel.go:107.46,109.2 1 0
github.com/autom8ter/async/channel.go:115.72,118.19 3 10000
github.com/autom8ter/async/channel.go:118.19,120.37 2 10000
github.com/autom8ter/async/channel.go:120.37,123.4 2 0
github.com/autom8ter/async/channel.go:124.3,125.31 2 10000
github.com/autom8ter/async/channel.go:125.31,127.4 1 0
github.com/autom8ter/async/channel.go:128.3,128.10 1 10000
github.com/autom8ter/async/channel.go:129.22,130.14 1 10000
github.com/autom8ter/async/channel.go:131.21,132.15 1 0
github.com/autom8ter/async/channel.go:135.2,135.11 1 10000
github.com/autom8ter/async/channel.go:141.62,142.36 1 300
github.com/autom8ter/async/channel.go:142.36,144.3 1 0
github.com/autom8ter/async/channel.go:145.2,146.30 2 300
github.com/autom8ter/async/channel.go:146.30,148.3 1 0
github.com/autom8ter/async/channel.go:149.2,149.9 1 300
github.com/autom8ter/async/channel.go:150.21,151.14 1 300
github.com/autom8ter/async/channel.go:152.20,153.15 1 0
github.com/autom8ter/async/channel.go:158.66,159.36 1 10400
github.com/autom8ter/async/channel.go:159.36,161.3 1 0
github.com/autom8ter/async/channel.go:162.2,163.9 2 10400
github.com/autom8ter/async/channel.go:164.27,165.10 1 10300
github.com/autom8ter/async/channel.go:165.10,167.4 1 0
github.com/autom8ter/async/channel.go:168.3,168.30 1 10300
github.com/autom8ter/async/channel.go:168.30,170.4 1 0
github.com/autom8ter/async/channel.go:171.3,171.30 1 10300
github.com/autom8ter/async/channel.go:171.30,172.23 1 0
github.com/autom8ter/async/channel.go:172.23,174.5 1 0
github.com/autom8ter/async/channel.go:176.3,176.21 1 10300
github.com/autom8ter/async/channel.go:177.20,178.24 1 100
github.com/autom8ter/async/channel.go:184.69,186.12 2 0
github.com/autom8ter/async/channel.go:186.12,188.7 2 0
github.com/autom8ter/async/channel.go:188.7,190.11 2 0
github.com/autom8ter/async/channel.go:190.11,192.5 1 0
github.com/autom8ter/async/channel.go:193.4,193.22 1 0
github.com/autom8ter/async/channel.go:200.75,202.12 2 0
github.com/autom8ter/async/channel.go:202.12,204.7 2 0
github.com/autom8ter/async/channel.go:204.7,206.11 2 0
github.com/autom8ter/async/channel.go:206.11,208.5 1 0
github.com/autom8ter/async/channel.go:209.4,209.23 1 0
github.com/autom8ter/async/channel.go:215.40,217.2 1 0
github.com/autom8ter/async/channel.go:220.93,221.6 1 0
github.com/autom8ter/async/channel.go:221.6,223.10 2 0
github.com/autom8ter/async/channel.go:223.10,225.4 1 0
github.com/autom8ter/async/channel.go:226.3,226.22 1 0
github.com/autom8ter/async/channel.go:226.22,228.4 1 0
github.com/autom8ter/async/channel.go:234.98,235.6 1 0
github.com/autom8ter/async/channel.go:235.6,237.10 2 0
github.com/autom8ter/async/channel.go:237.10,239.4 1 0
github.com/autom8ter/async/channel.go:240.3,241.20 2 0
github.com/autom8ter/async/channel.go:241.20,243.23 2 0
github.com/autom8ter/async/channel.go:243.23,245.5 1 0
github.com/autom8ter/async/channel.go:252.57,255.24 3 600
github.com/autom8ter/async/channel.go:255.24,259.13 4 400
github.com/autom8ter/async/channel.go:259.13,262.4 2 400
github.com/autom8ter/async/channel.go:263.3,263.10 1 400
github.com/autom8ter/async/channel.go:264.15,264.15 0 400
github.com/autom8ter/async/channel.go:265.21,265.21 0 0
github.com/autom8ter/async/channel.go:267.3,267.32 1 400
github.com/autom8ter/async/channel.go:267.32,269.4 1 100
github.com/autom8ter/async/channel.go:270.3,270.14 1 400
github.com/autom8ter/async/channel_group.go:20.75,27.2 2 1
github.com/autom8ter/async/channel_group.go:30.80,33.49 3 100
github.com/autom8ter/async/channel_group.go:33.49,37.3 3 10000
github.com/autom8ter/async/channel_group.go:38.2,38.12 1 100
github.com/autom8ter/async/channel_group.go:38.12,39.31 1 100
github.com/autom8ter/async/channel_group.go:39.31,41.4 1 10000
github.com/autom8ter/async/channel_group.go:42.3,42.13 1 100
github.com/autom8ter/async/channel_group.go:44.2,44.11 1 100
github.com/autom8ter/async/channel_group.go:48.65,49.49 1 0
github.com/autom8ter/async/channel_group.go:49.49,53.3 3 0
github.com/autom8ter/async/channel_group.go:54.2,54.8 1 0
github.com/autom8ter/async/channel_group.go:59.103,63.63 4 100
github.com/autom8ter/async/channel_group.go:63.63,66.3 2 100
github.com/autom8ter/async/channel_group.go:67.2,69.27 3 100
github.com/autom8ter/async/channel_group.go:73.41,75.48 2 8
github.com/autom8ter/async/channel_group.go:75.48,78.3 2 412
github.com/autom8ter/async/channel_group.go:79.2,79.14 1 8
github.com/autom8ter/async/channel_group.go:83.39,85.18 2 1
github.com/autom8ter/async/channel_group.go:85.18,87.3 1 5
github.com/autom8ter/async/multicontext.go:17.57,23.12 3 404
github.com/autom8ter/async/multicontext.go:23.12,24.10 1 404
github.com/autom8ter/async/multicontext.go:25.19,27.37 2 404
github.com/autom8ter/async/multicontext.go:27.37,29.5 1 21400
github.com/autom8ter/async/multicontext.go:30.4,30.17 1 404
github.com/autom8ter/async/multicontext.go:33.2,33.10 1 404
github.com/autom8ter/async/multicontext.go:37.46,39.2 1 0
github.com/autom8ter/async/multicontext.go:43.73,49.2 5 21400
github.com/autom8ter/async/multicontext.go:52.33,55.35 3 401
github.com/autom8ter/async/multicontext.go:55.35,57.3 1 20800
github.com/autom8ter/async/multicontext.go:58.2,58.12 1 401
